#-----------------------------------------------------------
# Vivado v2018.2 (64-bit)
# SW Build 2258646 on Thu Jun 14 20:03:12 MDT 2018
# IP Build 2256618 on Thu Jun 14 22:10:49 MDT 2018
# Start of session at: Tue Nov  6 14:30:56 2018
# Process ID: 11492
# Current directory: C:/Users/display/Desktop/anli/HDMI_Output_Disp
# Command line: vivado.exe -gui_launcher_event rodinguilauncherevent14568 C:\Users\display\Desktop\anli\HDMI_Output_Disp\HDMI_Output_Disp.xpr
# Log file: C:/Users/display/Desktop/anli/HDMI_Output_Disp/vivado.log
# Journal file: C:/Users/display/Desktop/anli/HDMI_Output_Disp\vivado.jou
#-----------------------------------------------------------
start_gui
open_project C:/Users/display/Desktop/anli/HDMI_Output_Disp/HDMI_Output_Disp.xpr
INFO: [Project 1-313] Project file moved from 'E:/BaiduNetdiskDownload/HDMI_Output_Disp/HDMI_Output_Disp' since last save.
Scanning sources...
Finished scanning sources
INFO: [IP_Flow 19-234] Refreshing IP repositories
INFO: [IP_Flow 19-1700] Loaded user IP repository 'c:/Users/display/Desktop/anli/HDMI_Output_Disp'.
INFO: [IP_Flow 19-2313] Loaded Vivado IP repository 'C:/Xilinx/Vivado/2018.2/data/ip'.
WARNING: [IP_Flow 19-2162] IP 'hdmi_disp' is locked:
* Current project part 'xc7z020clg400-1' and the part 'xc7z010clg400-1' used to customize the IP 'hdmi_disp' do not match.
Please select 'Report IP Status' from the 'Tools/Report' menu or run Tcl command 'report_ip_status' for more information.
open_project: Time (s): cpu = 00:00:11 ; elapsed = 00:00:07 . Memory (MB): peak = 891.867 ; gain = 172.969
update_compile_order -fileset sources_1
exit
INFO: [Common 17-206] Exiting Vivado at Tue Nov  6 14:49:46 2018...
